[32m2017-12-19 13:32:00.616 WAT [main] c.b.a.Application INFO : Starting Application on ubuntu-mohamed-bootcamp-prod with PID 12186 (/Bootcamp/Clone/preference.service.fonctionnel/target/classes started by root in /Bootcamp/Clone/preference.service.fonctionnel)
[m[32m2017-12-19 13:32:00.625 WAT [main] c.b.a.Application DEBUG: Running with Spring Boot v1.5.8.RELEASE, Spring v4.3.12.RELEASE
[m[32m2017-12-19 13:32:00.625 WAT [main] c.b.a.Application INFO : No active profile set, falling back to default profiles: default
[m[32m2017-12-19 13:32:02.462 WAT [main] o.s.b.c.e.AnnotationConfigEmbeddedWebApplicationContext INFO : Refreshing org.springframework.boot.context.embedded.AnnotationConfigEmbeddedWebApplicationContext@389e0be: startup date [Tue Dec 19 13:32:02 WAT 2017]; root of context hierarchy
[m[32m2017-12-19 13:32:09.410 WAT [main] o.s.c.s.PostProcessorRegistrationDelegate$BeanPostProcessorChecker INFO : Bean 'org.springframework.cache.annotation.ProxyCachingConfiguration' of type [org.springframework.cache.annotation.ProxyCachingConfiguration$$EnhancerBySpringCGLIB$$935cff83] is not eligible for getting processed by all BeanPostProcessors (for example: not eligible for auto-proxying)
[m[32m2017-12-19 13:32:09.494 WAT [main] o.s.c.s.PostProcessorRegistrationDelegate$BeanPostProcessorChecker INFO : Bean 'org.springframework.boot.autoconfigure.cache.CacheAutoConfiguration' of type [org.springframework.boot.autoconfigure.cache.CacheAutoConfiguration$$EnhancerBySpringCGLIB$$87d0c427] is not eligible for getting processed by all BeanPostProcessors (for example: not eligible for auto-proxying)
[m[32m2017-12-19 13:32:10.030 WAT [main] o.s.c.s.PostProcessorRegistrationDelegate$BeanPostProcessorChecker INFO : Bean 'spring.cache-org.springframework.boot.autoconfigure.cache.CacheProperties' of type [org.springframework.boot.autoconfigure.cache.CacheProperties] is not eligible for getting processed by all BeanPostProcessors (for example: not eligible for auto-proxying)
[m[32m2017-12-19 13:32:10.090 WAT [main] o.s.c.s.PostProcessorRegistrationDelegate$BeanPostProcessorChecker INFO : Bean 'cacheManagerCustomizers' of type [org.springframework.boot.autoconfigure.cache.CacheManagerCustomizers] is not eligible for getting processed by all BeanPostProcessors (for example: not eligible for auto-proxying)
[m[32m2017-12-19 13:32:10.105 WAT [main] o.s.c.s.PostProcessorRegistrationDelegate$BeanPostProcessorChecker INFO : Bean 'org.springframework.boot.autoconfigure.cache.SimpleCacheConfiguration' of type [org.springframework.boot.autoconfigure.cache.SimpleCacheConfiguration$$EnhancerBySpringCGLIB$$296c3708] is not eligible for getting processed by all BeanPostProcessors (for example: not eligible for auto-proxying)
[m[32m2017-12-19 13:32:10.153 WAT [main] o.s.c.s.PostProcessorRegistrationDelegate$BeanPostProcessorChecker INFO : Bean 'cacheManager' of type [org.springframework.cache.concurrent.ConcurrentMapCacheManager] is not eligible for getting processed by all BeanPostProcessors (for example: not eligible for auto-proxying)
[m[32m2017-12-19 13:32:10.159 WAT [main] o.s.c.s.PostProcessorRegistrationDelegate$BeanPostProcessorChecker INFO : Bean 'cacheAutoConfigurationValidator' of type [org.springframework.boot.autoconfigure.cache.CacheAutoConfiguration$CacheManagerValidator] is not eligible for getting processed by all BeanPostProcessors (for example: not eligible for auto-proxying)
[m[32m2017-12-19 13:32:11.604 WAT [main] o.s.b.c.e.t.TomcatEmbeddedServletContainer INFO : Tomcat initialized with port(s): 8090 (http)
[m[32m2017-12-19 13:32:12.280 WAT [localhost-startStop-1] o.s.w.c.ContextLoader INFO : Root WebApplicationContext: initialization completed in 9819 ms
[m[32m2017-12-19 13:32:13.596 WAT [localhost-startStop-1] o.s.b.w.s.ServletRegistrationBean INFO : Mapping servlet: 'dispatcherServlet' to [/]
[m[32m2017-12-19 13:32:13.618 WAT [localhost-startStop-1] o.s.b.w.s.FilterRegistrationBean INFO : Mapping filter: 'metricsFilter' to: [/*]
[m[32m2017-12-19 13:32:13.619 WAT [localhost-startStop-1] o.s.b.w.s.FilterRegistrationBean INFO : Mapping filter: 'characterEncodingFilter' to: [/*]
[m[32m2017-12-19 13:32:13.620 WAT [localhost-startStop-1] o.s.b.w.s.FilterRegistrationBean INFO : Mapping filter: 'webRequestLoggingFilter' to: [/*]
[m[32m2017-12-19 13:32:13.620 WAT [localhost-startStop-1] o.s.b.w.s.FilterRegistrationBean INFO : Mapping filter: 'applicationContextIdFilter' to: [/*]
[m[32m2017-12-19 13:32:17.039 WAT [main] o.s.w.s.m.m.a.RequestMappingHandlerMapping INFO : Mapped "{[/]}" onto public java.lang.String com.bootcamp.controllers.HomeController.index()
[m[32m2017-12-19 13:32:17.072 WAT [main] o.s.w.s.m.m.a.RequestMappingHandlerMapping INFO : Mapped "{[/preferences/{userId}],methods=[GET]}" onto public org.springframework.http.ResponseEntity<java.util.List<com.bootcamp.commons.ws.usecases.pivotone.PreferenceWS>> com.bootcamp.controllers.PreferenceController.readAllPreferences(int)
[m[32m2017-12-19 13:32:17.080 WAT [main] o.s.w.s.m.m.a.RequestMappingHandlerMapping INFO : Mapped "{[/preferences/update/{idPreference}],methods=[PUT]}" onto public org.springframework.http.ResponseEntity<com.bootcamp.commons.ws.usecases.pivotone.PreferenceWS> com.bootcamp.controllers.PreferenceController.update(com.bootcamp.entities.Preference)
[m[32m2017-12-19 13:32:17.085 WAT [main] o.s.w.s.m.m.a.RequestMappingHandlerMapping INFO : Mapped "{[/preferences/delete/{idPreference}],methods=[DELETE]}" onto public org.springframework.http.ResponseEntity<com.bootcamp.commons.ws.usecases.pivotone.PreferenceWS> com.bootcamp.controllers.PreferenceController.delete(int)
[m[32m2017-12-19 13:32:17.091 WAT [main] o.s.w.s.m.m.a.RequestMappingHandlerMapping INFO : Mapped "{[/preferences],methods=[POST]}" onto public org.springframework.http.ResponseEntity<java.lang.Integer> com.bootcamp.controllers.PreferenceController.create(com.bootcamp.entities.Preference)
[m[32m2017-12-19 13:32:17.094 WAT [main] o.s.w.s.m.m.a.RequestMappingHandlerMapping INFO : Mapped "{[/v2/api-docs],methods=[GET],produces=[application/json || application/hal+json]}" onto public org.springframework.http.ResponseEntity<springfox.documentation.spring.web.json.Json> springfox.documentation.swagger2.web.Swagger2Controller.getDocumentation(java.lang.String,javax.servlet.http.HttpServletRequest)
[m[32m2017-12-19 13:32:17.124 WAT [main] o.s.w.s.m.m.a.RequestMappingHandlerMapping INFO : Mapped "{[/swagger-resources/configuration/security]}" onto org.springframework.http.ResponseEntity<springfox.documentation.swagger.web.SecurityConfiguration> springfox.documentation.swagger.web.ApiResourceController.securityConfiguration()
[m[32m2017-12-19 13:32:17.128 WAT [main] o.s.w.s.m.m.a.RequestMappingHandlerMapping INFO : Mapped "{[/swagger-resources/configuration/ui]}" onto org.springframework.http.ResponseEntity<springfox.documentation.swagger.web.UiConfiguration> springfox.documentation.swagger.web.ApiResourceController.uiConfiguration()
[m[32m2017-12-19 13:32:17.134 WAT [main] o.s.w.s.m.m.a.RequestMappingHandlerMapping INFO : Mapped "{[/swagger-resources]}" onto org.springframework.http.ResponseEntity<java.util.List<springfox.documentation.swagger.web.SwaggerResource>> springfox.documentation.swagger.web.ApiResourceController.swaggerResources()
[m[32m2017-12-19 13:32:17.172 WAT [main] o.s.w.s.m.m.a.RequestMappingHandlerMapping INFO : Mapped "{[/error],produces=[text/html]}" onto public org.springframework.web.servlet.ModelAndView org.springframework.boot.autoconfigure.web.BasicErrorController.errorHtml(javax.servlet.http.HttpServletRequest,javax.servlet.http.HttpServletResponse)
[m[32m2017-12-19 13:32:17.174 WAT [main] o.s.w.s.m.m.a.RequestMappingHandlerMapping INFO : Mapped "{[/error]}" onto public org.springframework.http.ResponseEntity<java.util.Map<java.lang.String, java.lang.Object>> org.springframework.boot.autoconfigure.web.BasicErrorController.error(javax.servlet.http.HttpServletRequest)
[m[32m2017-12-19 13:32:19.107 WAT [main] o.s.b.a.e.m.EndpointHandlerMapping INFO : Mapped "{[/beans || /beans.json],methods=[GET],produces=[application/vnd.spring-boot.actuator.v1+json || application/json]}" onto public java.lang.Object org.springframework.boot.actuate.endpoint.mvc.EndpointMvcAdapter.invoke()
[m[32m2017-12-19 13:32:19.113 WAT [main] o.s.b.a.e.m.EndpointHandlerMapping INFO : Mapped "{[/info || /info.json],methods=[GET],produces=[application/vnd.spring-boot.actuator.v1+json || application/json]}" onto public java.lang.Object org.springframework.boot.actuate.endpoint.mvc.EndpointMvcAdapter.invoke()
[m[32m2017-12-19 13:32:19.118 WAT [main] o.s.b.a.e.m.EndpointHandlerMapping INFO : Mapped "{[/metrics/{name:.*}],methods=[GET],produces=[application/vnd.spring-boot.actuator.v1+json || application/json]}" onto public java.lang.Object org.springframework.boot.actuate.endpoint.mvc.MetricsMvcEndpoint.value(java.lang.String)
[m[32m2017-12-19 13:32:19.125 WAT [main] o.s.b.a.e.m.EndpointHandlerMapping INFO : Mapped "{[/metrics || /metrics.json],methods=[GET],produces=[application/vnd.spring-boot.actuator.v1+json || application/json]}" onto public java.lang.Object org.springframework.boot.actuate.endpoint.mvc.EndpointMvcAdapter.invoke()
[m[32m2017-12-19 13:32:19.127 WAT [main] o.s.b.a.e.m.EndpointHandlerMapping INFO : Mapped "{[/autoconfig || /autoconfig.json],methods=[GET],produces=[application/vnd.spring-boot.actuator.v1+json || application/json]}" onto public java.lang.Object org.springframework.boot.actuate.endpoint.mvc.EndpointMvcAdapter.invoke()
[m[32m2017-12-19 13:32:19.158 WAT [main] o.s.b.a.e.m.EndpointHandlerMapping INFO : Mapped "{[/loggers/{name:.*}],methods=[GET],produces=[application/vnd.spring-boot.actuator.v1+json || application/json]}" onto public java.lang.Object org.springframework.boot.actuate.endpoint.mvc.LoggersMvcEndpoint.get(java.lang.String)
[m[32m2017-12-19 13:32:19.159 WAT [main] o.s.b.a.e.m.EndpointHandlerMapping INFO : Mapped "{[/loggers/{name:.*}],methods=[POST],consumes=[application/vnd.spring-boot.actuator.v1+json || application/json],produces=[application/vnd.spring-boot.actuator.v1+json || application/json]}" onto public java.lang.Object org.springframework.boot.actuate.endpoint.mvc.LoggersMvcEndpoint.set(java.lang.String,java.util.Map<java.lang.String, java.lang.String>)
[m[32m2017-12-19 13:32:19.160 WAT [main] o.s.b.a.e.m.EndpointHandlerMapping INFO : Mapped "{[/loggers || /loggers.json],methods=[GET],produces=[application/vnd.spring-boot.actuator.v1+json || application/json]}" onto public java.lang.Object org.springframework.boot.actuate.endpoint.mvc.EndpointMvcAdapter.invoke()
[m[32m2017-12-19 13:32:19.162 WAT [main] o.s.b.a.e.m.EndpointHandlerMapping INFO : Mapped "{[/heapdump || /heapdump.json],methods=[GET],produces=[application/octet-stream]}" onto public void org.springframework.boot.actuate.endpoint.mvc.HeapdumpMvcEndpoint.invoke(boolean,javax.servlet.http.HttpServletRequest,javax.servlet.http.HttpServletResponse) throws java.io.IOException,javax.servlet.ServletException
[m[32m2017-12-19 13:32:19.163 WAT [main] o.s.b.a.e.m.EndpointHandlerMapping INFO : Mapped "{[/auditevents || /auditevents.json],methods=[GET],produces=[application/vnd.spring-boot.actuator.v1+json || application/json]}" onto public org.springframework.http.ResponseEntity<?> org.springframework.boot.actuate.endpoint.mvc.AuditEventsMvcEndpoint.findByPrincipalAndAfterAndType(java.lang.String,java.util.Date,java.lang.String)
[m[32m2017-12-19 13:32:19.166 WAT [main] o.s.b.a.e.m.EndpointHandlerMapping INFO : Mapped "{[/env/{name:.*}],methods=[GET],produces=[application/vnd.spring-boot.actuator.v1+json || application/json]}" onto public java.lang.Object org.springframework.boot.actuate.endpoint.mvc.EnvironmentMvcEndpoint.value(java.lang.String)
[m[32m2017-12-19 13:32:19.166 WAT [main] o.s.b.a.e.m.EndpointHandlerMapping INFO : Mapped "{[/env || /env.json],methods=[GET],produces=[application/vnd.spring-boot.actuator.v1+json || application/json]}" onto public java.lang.Object org.springframework.boot.actuate.endpoint.mvc.EndpointMvcAdapter.invoke()
[m[32m2017-12-19 13:32:19.169 WAT [main] o.s.b.a.e.m.EndpointHandlerMapping INFO : Mapped "{[/health || /health.json],methods=[GET],produces=[application/vnd.spring-boot.actuator.v1+json || application/json]}" onto public java.lang.Object org.springframework.boot.actuate.endpoint.mvc.HealthMvcEndpoint.invoke(javax.servlet.http.HttpServletRequest,java.security.Principal)
[m[32m2017-12-19 13:32:19.173 WAT [main] o.s.b.a.e.m.EndpointHandlerMapping INFO : Mapped "{[/trace || /trace.json],methods=[GET],produces=[application/vnd.spring-boot.actuator.v1+json || application/json]}" onto public java.lang.Object org.springframework.boot.actuate.endpoint.mvc.EndpointMvcAdapter.invoke()
[m[32m2017-12-19 13:32:19.178 WAT [main] o.s.b.a.e.m.EndpointHandlerMapping INFO : Mapped "{[/dump || /dump.json],methods=[GET],produces=[application/vnd.spring-boot.actuator.v1+json || application/json]}" onto public java.lang.Object org.springframework.boot.actuate.endpoint.mvc.EndpointMvcAdapter.invoke()
[m[32m2017-12-19 13:32:19.178 WAT [main] o.s.b.a.e.m.EndpointHandlerMapping INFO : Mapped "{[/mappings || /mappings.json],methods=[GET],produces=[application/vnd.spring-boot.actuator.v1+json || application/json]}" onto public java.lang.Object org.springframework.boot.actuate.endpoint.mvc.EndpointMvcAdapter.invoke()
[m[32m2017-12-19 13:32:19.179 WAT [main] o.s.b.a.e.m.EndpointHandlerMapping INFO : Mapped "{[/configprops || /configprops.json],methods=[GET],produces=[application/vnd.spring-boot.actuator.v1+json || application/json]}" onto public java.lang.Object org.springframework.boot.actuate.endpoint.mvc.EndpointMvcAdapter.invoke()
[m[32m2017-12-19 13:32:20.157 WAT [main] o.s.w.s.h.SimpleUrlHandlerMapping INFO : Mapped URL path [/swagger-ui.html] onto handler of type [class org.springframework.web.servlet.resource.ResourceHttpRequestHandler]
[m[32m2017-12-19 13:32:20.166 WAT [main] o.s.w.s.h.SimpleUrlHandlerMapping INFO : Mapped URL path [/webjars/**] onto handler of type [class org.springframework.web.servlet.resource.ResourceHttpRequestHandler]
[m[32m2017-12-19 13:32:20.355 WAT [main] o.s.w.s.m.m.a.RequestMappingHandlerAdapter INFO : Looking for @ControllerAdvice: org.springframework.boot.context.embedded.AnnotationConfigEmbeddedWebApplicationContext@389e0be: startup date [Tue Dec 19 13:32:02 WAT 2017]; root of context hierarchy
[m[33m2017-12-19 13:32:24.100 WAT [main] o.s.b.a.t.AbstractTemplateResolverConfiguration WARN : Cannot find template location: classpath:/templates/ (please add some templates or check your Thymeleaf configuration)
[m[32m2017-12-19 13:32:25.092 WAT [main] o.s.j.e.a.AnnotationMBeanExporter INFO : Registering beans for JMX exposure on startup
[m[32m2017-12-19 13:32:25.126 WAT [main] o.s.b.a.e.j.EndpointMBeanExporter INFO : Registering beans for JMX exposure on startup
[m[32m2017-12-19 13:32:25.155 WAT [main] o.s.c.s.DefaultLifecycleProcessor INFO : Starting beans in phase 0
[m[32m2017-12-19 13:32:25.165 WAT [main] o.s.b.a.e.j.EndpointMBeanExporter INFO : Located managed bean 'auditEventsEndpoint': registering with JMX server as MBean [org.springframework.boot:type=Endpoint,name=auditEventsEndpoint]
[m[32m2017-12-19 13:32:25.233 WAT [main] o.s.b.a.e.j.EndpointMBeanExporter INFO : Located managed bean 'requestMappingEndpoint': registering with JMX server as MBean [org.springframework.boot:type=Endpoint,name=requestMappingEndpoint]
[m[32m2017-12-19 13:32:25.290 WAT [main] o.s.b.a.e.j.EndpointMBeanExporter INFO : Located managed bean 'environmentEndpoint': registering with JMX server as MBean [org.springframework.boot:type=Endpoint,name=environmentEndpoint]
[m[32m2017-12-19 13:32:25.318 WAT [main] o.s.b.a.e.j.EndpointMBeanExporter INFO : Located managed bean 'healthEndpoint': registering with JMX server as MBean [org.springframework.boot:type=Endpoint,name=healthEndpoint]
[m[32m2017-12-19 13:32:25.324 WAT [main] o.s.b.a.e.j.EndpointMBeanExporter INFO : Located managed bean 'beansEndpoint': registering with JMX server as MBean [org.springframework.boot:type=Endpoint,name=beansEndpoint]
[m[32m2017-12-19 13:32:25.353 WAT [main] o.s.b.a.e.j.EndpointMBeanExporter INFO : Located managed bean 'infoEndpoint': registering with JMX server as MBean [org.springframework.boot:type=Endpoint,name=infoEndpoint]
[m[32m2017-12-19 13:32:25.367 WAT [main] o.s.b.a.e.j.EndpointMBeanExporter INFO : Located managed bean 'loggersEndpoint': registering with JMX server as MBean [org.springframework.boot:type=Endpoint,name=loggersEndpoint]
[m[32m2017-12-19 13:32:25.414 WAT [main] o.s.b.a.e.j.EndpointMBeanExporter INFO : Located managed bean 'metricsEndpoint': registering with JMX server as MBean [org.springframework.boot:type=Endpoint,name=metricsEndpoint]
[m[32m2017-12-19 13:32:25.424 WAT [main] o.s.b.a.e.j.EndpointMBeanExporter INFO : Located managed bean 'traceEndpoint': registering with JMX server as MBean [org.springframework.boot:type=Endpoint,name=traceEndpoint]
[m[32m2017-12-19 13:32:25.440 WAT [main] o.s.b.a.e.j.EndpointMBeanExporter INFO : Located managed bean 'dumpEndpoint': registering with JMX server as MBean [org.springframework.boot:type=Endpoint,name=dumpEndpoint]
[m[32m2017-12-19 13:32:25.459 WAT [main] o.s.b.a.e.j.EndpointMBeanExporter INFO : Located managed bean 'autoConfigurationReportEndpoint': registering with JMX server as MBean [org.springframework.boot:type=Endpoint,name=autoConfigurationReportEndpoint]
[m[32m2017-12-19 13:32:25.473 WAT [main] o.s.b.a.e.j.EndpointMBeanExporter INFO : Located managed bean 'configurationPropertiesReportEndpoint': registering with JMX server as MBean [org.springframework.boot:type=Endpoint,name=configurationPropertiesReportEndpoint]
[m[32m2017-12-19 13:32:25.484 WAT [main] o.s.c.s.DefaultLifecycleProcessor INFO : Starting beans in phase 2147483647
[m[32m2017-12-19 13:32:27.234 WAT [main] o.s.b.c.e.t.TomcatEmbeddedServletContainer INFO : Tomcat started on port(s): 8090 (http)
[m[32m2017-12-19 13:32:27.262 WAT [main] c.b.a.Application INFO : Started Application in 28.015 seconds (JVM running for 46.264)
[m[32m2017-12-19 13:32:41.425 WAT [http-nio-8090-exec-2] o.s.w.s.DispatcherServlet INFO : FrameworkServlet 'dispatcherServlet': initialization started
[m[32m2017-12-19 13:32:41.529 WAT [http-nio-8090-exec-2] o.s.w.s.DispatcherServlet INFO : FrameworkServlet 'dispatcherServlet': initialization completed in 104 ms
[m[33m2017-12-19 13:33:04.013 WAT [http-nio-8090-exec-6] o.s.w.s.PageNotFound WARN : Request method 'GET' not supported
[m[33m2017-12-19 13:33:19.853 WAT [http-nio-8090-exec-10] o.s.w.s.PageNotFound WARN : No mapping found for HTTP request with URI [/preference/preferences/PROJET/1] in DispatcherServlet with name 'dispatcherServlet'
[m[33m2017-12-19 13:33:39.048 WAT [http-nio-8090-exec-3] o.s.w.s.PageNotFound WARN : Request method 'GET' not supported
[m[33m2017-12-19 13:33:57.018 WAT [http-nio-8090-exec-6] o.s.w.s.PageNotFound WARN : No mapping found for HTTP request with URI [/preference/111] in DispatcherServlet with name 'dispatcherServlet'
[m[33m2017-12-19 13:34:11.325 WAT [http-nio-8090-exec-7] o.s.w.s.PageNotFound WARN : No mapping found for HTTP request with URI [/preference/1] in DispatcherServlet with name 'dispatcherServlet'
[m